(248, 15991)
(248, 899)
(293, 16148)
(293, 203)
(406, 17678)
(406, 507)
         RMSE      MAPE       SNR  ...     impMR     redMR  cv_fold
0  669.030654  0.555961  1.626132  ...  0.000139  0.536142        0
0  669.030654  0.555961  1.626132  ...  0.000139  0.536142        0
0  669.030654  0.555961  1.626132  ...  0.000139  0.536142        0
0  663.906205  0.552625  1.628183  ...  0.000085  0.536196        0
0  649.996808  0.543675  1.637259  ...  0.000027  0.536254        0
0  674.761488  0.550388  1.612102  ...  0.000148  0.537963        1
0  674.761488  0.550388  1.612102  ...  0.000148  0.537963        1
0  674.761488  0.550388  1.612102  ...  0.000148  0.537963        1
0  674.761488  0.550388  1.612102  ...  0.000148  0.537963        1
0  643.517002  0.538979  1.631498  ...  0.000036  0.538075        1

[10 rows x 9 columns]
0.30000000000000004
Epislon 0.30 is selected in 2134.4 seconds.
          RMSE      MAPE       SNR  ...     impMR     redMR  cv_fold
0  4169.792583  0.549530  1.441171  ...  0.001194  0.536122        0
0  4162.618567  0.549487  1.450792  ...  0.002068  0.535248        0
0  4162.618567  0.549487  1.450792  ...  0.002068  0.535248        0
0  4162.618567  0.549487  1.450792  ...  0.002068  0.535248        0
0  4162.618567  0.549487  1.450792  ...  0.002068  0.535248        0
0  4217.056322  0.556500  1.460627  ...  0.001698  0.537467        1
0  4217.056322  0.556500  1.460627  ...  0.001698  0.537467        1
0  4217.056322  0.556500  1.460627  ...  0.001698  0.537467        1
0  4217.056322  0.556500  1.460627  ...  0.001698  0.537467        1
0  4217.056322  0.556500  1.460627  ...  0.001698  0.537467        1

[10 rows x 9 columns]
0.6000000000000001
Epislon 0.60 is selected in 1303.2 seconds.
          RMSE      MAPE       SNR  ...     impMR     redMR  cv_fold
0  3200.111629  0.798240  0.985032  ...  0.002055  0.544622        0
0  3200.111629  0.798240  0.985032  ...  0.002055  0.544622        0
0  3200.111629  0.798240  0.985032  ...  0.002055  0.544622        0
0  3099.285308  0.794871  1.003603  ...  0.001409  0.545268        0
0  2795.454961  0.765417  1.069438  ...  0.000092  0.546584        0
0  3058.194056  0.805947  1.009181  ...  0.001919  0.545982        1
0  3058.194056  0.805947  1.009181  ...  0.001919  0.545982        1
0  3058.194056  0.805947  1.009181  ...  0.001919  0.545982        1
0  2902.482195  0.797519  1.041238  ...  0.000952  0.546949        1
0  2600.481301  0.762883  1.103187  ...  0.000049  0.547852        1

[10 rows x 9 columns]
0.4000000000000001
Epislon 0.40 is selected in 3435.1 seconds.
